<?xml version="1.0" encoding="UTF-8"?>
<!-- Generated by org.testng.reporters.JUnitReportReporter -->
<testsuite hostname="DESKTOP-T0KH8L2" failures="0" tests="1" name="testCases.ProfileTestCase" time="4.877" errors="0" timestamp="2023-11-29T02:25:03 IST" skipped="0">
  <testcase classname="testCases.ProfileTestCase" name="viewProfile" time="4.877"/>
</testsuite> <!-- testCases.ProfileTestCase -->
