<?xml version="1.0" encoding="UTF-8"?>
<!-- Generated by org.testng.reporters.JUnitReportReporter -->
<testsuite hostname="DESKTOP-T0KH8L2" failures="0" tests="1" name="MyFirstTestNG" time="8.873" errors="0" timestamp="2023-11-26T14:27:52 IST" skipped="0">
  <testcase classname="MyFirstTestNG" name="myFirstTestcase" time="8.873"/>
</testsuite> <!-- MyFirstTestNG -->
