<?xml version="1.0" encoding="UTF-8"?>
<!-- Generated by org.testng.reporters.JUnitReportReporter -->
<testsuite hostname="DESKTOP-T0KH8L2" failures="0" tests="1" name="testCases.MakeAppointmentTestCase" time="4.845" errors="0" timestamp="2023-12-01T01:35:28 IST" skipped="0">
  <testcase classname="testCases.MakeAppointmentTestCase" name="makeAppointment" time="4.845"/>
</testsuite> <!-- testCases.MakeAppointmentTestCase -->
