<?xml version="1.0" encoding="UTF-8"?>
<!-- Generated by org.testng.reporters.JUnitReportReporter -->
<testsuite hostname="DESKTOP-T0KH8L2" failures="0" tests="1" name="testCases.HistoryTestCase" time="5.602" errors="0" timestamp="2023-11-29T02:13:18 IST" skipped="0">
  <testcase classname="testCases.HistoryTestCase" name="viewHistory" time="5.602"/>
</testsuite> <!-- testCases.HistoryTestCase -->
