<?xml version="1.0" encoding="UTF-8"?>
<!-- Generated by org.testng.reporters.JUnitReportReporter -->
<testsuite hostname="DESKTOP-T0KH8L2" failures="0" tests="1" name="testCases.UserLoginTestCase" time="4.865" errors="0" timestamp="2023-12-01T01:35:28 IST" skipped="0">
  <testcase classname="testCases.UserLoginTestCase" name="verifyUserLogin" time="4.865"/>
</testsuite> <!-- testCases.UserLoginTestCase -->
