<?xml version="1.0" encoding="UTF-8"?>
<!-- Generated by org.testng.reporters.JUnitReportReporter -->
<testsuite hostname="DESKTOP-T0KH8L2" failures="0" tests="1" name="testCases.UserLogin" time="4.386" errors="0" timestamp="2023-11-26T18:09:13 IST" skipped="0">
  <testcase classname="testCases.UserLogin" name="VerifyUserlogin" time="4.386"/>
</testsuite> <!-- testCases.UserLogin -->
