<?xml version="1.0" encoding="UTF-8"?>
<!-- Generated by org.testng.reporters.JUnitReportReporter -->
<testsuite hostname="DESKTOP-T0KH8L2" failures="0" tests="1" name="testCases.UserLogoutTestCase" time="6.773" errors="0" timestamp="2023-11-29T01:44:26 IST" skipped="0">
  <testcase classname="testCases.UserLogoutTestCase" name="verifyUserLogout" time="6.773"/>
</testsuite> <!-- testCases.UserLogoutTestCase -->
